0 info it worked if it ends with ok
1 verbose cli [ '/home/ubuntu/.nvm/v0.10.35/bin/node',
1 verbose cli   '/home/ubuntu/.nvm/v0.10.35/bin/npm',
1 verbose cli   'install' ]
2 info using npm@1.4.28
3 info using node@v0.10.35
4 error install Couldn't read dependencies
5 error Error: Invalid version: "0.1"
5 error     at Object.module.exports.fixVersionField (/home/ubuntu/.nvm/v0.10.35/lib/node_modules/npm/node_modules/read-package-json/node_modules/normalize-package-data/lib/fixer.js:183:13)
5 error     at /home/ubuntu/.nvm/v0.10.35/lib/node_modules/npm/node_modules/read-package-json/node_modules/normalize-package-data/lib/normalize.js:30:38
5 error     at Array.forEach (native)
5 error     at normalize (/home/ubuntu/.nvm/v0.10.35/lib/node_modules/npm/node_modules/read-package-json/node_modules/normalize-package-data/lib/normalize.js:29:15)
5 error     at final (/home/ubuntu/.nvm/v0.10.35/lib/node_modules/npm/node_modules/read-package-json/read-json.js:342:33)
5 error     at then (/home/ubuntu/.nvm/v0.10.35/lib/node_modules/npm/node_modules/read-package-json/read-json.js:126:33)
5 error     at /home/ubuntu/.nvm/v0.10.35/lib/node_modules/npm/node_modules/read-package-json/read-json.js:316:48
5 error     at evalmachine.<anonymous>:208:20
5 error     at OpenReq.Req.done (/home/ubuntu/.nvm/v0.10.35/lib/node_modules/npm/node_modules/graceful-fs/graceful-fs.js:141:5)
5 error     at OpenReq.done (/home/ubuntu/.nvm/v0.10.35/lib/node_modules/npm/node_modules/graceful-fs/graceful-fs.js:61:22)
6 error If you need help, you may report this *entire* log,
6 error including the npm and node versions, at:
6 error     <http://github.com/npm/npm/issues>
7 error System Linux 3.14.13-c9
8 error command "/home/ubuntu/.nvm/v0.10.35/bin/node" "/home/ubuntu/.nvm/v0.10.35/bin/npm" "install"
9 error cwd /home/ubuntu/workspace/CanaryClient
10 error node -v v0.10.35
11 error npm -v 1.4.28
12 verbose exit [ 1, true ]
